<?xml version="1.0" encoding="UTF-8"?>
<!-- Generated by org.testng.reporters.JUnitReportReporter -->
<testsuite skipped="0" hostname="DESKTOP-6G4HCK3" name="com.crm.qa.testcases.LoginPageTest" tests="1" failures="0" timestamp="14 Nov 2018 08:44:29 GMT" time="16.924" errors="0">
  <testcase name="loginTest" time="16.924" classname="com.crm.qa.testcases.LoginPageTest"/>
</testsuite> <!-- com.crm.qa.testcases.LoginPageTest -->
